[0.022s] Invoking command in '/home/ying/d2lros2/chapt3/chapt3_ws/build/example_topic_rclcpp': CMAKE_PREFIX_PATH=${CMAKE_PREFIX_PATH}:/home/ying/ros2/chatpt2/town_ws/install/village_li:/home/ying/ros2/chatpt2/town_ws/src/install/village_li:/opt/ros/humble /usr/bin/cmake --build /home/ying/d2lros2/chapt3/chapt3_ws/build/example_topic_rclcpp -- -j2 -l2
[0.094s] [35m[1mConsolidate compiler generated dependencies of target topic_subscribe_01[0m
[0.126s] [ 50%] Built target topic_publisher_01
[0.135s] [ 75%] [32m[1mLinking CXX executable topic_subscribe_01[0m
[0.263s] /usr/bin/ld: /usr/lib/gcc/x86_64-linux-gnu/11/../../../x86_64-linux-gnu/Scrt1.o: in function `_start':
[0.263s] (.text+0x1b): undefined reference to `main'
[0.267s] collect2: error: ld returned 1 exit status
[0.270s] gmake[2]: *** [CMakeFiles/topic_subscribe_01.dir/build.make:159ï¼štopic_subscribe_01] é”™è¯¯ 1
[0.270s] gmake[1]: *** [CMakeFiles/Makefile2:165ï¼šCMakeFiles/topic_subscribe_01.dir/all] é”™è¯¯ 2
[0.271s] gmake: *** [Makefile:146ï¼šall] é”™è¯¯ 2
[0.275s] Invoked command in '/home/ying/d2lros2/chapt3/chapt3_ws/build/example_topic_rclcpp' returned '2': CMAKE_PREFIX_PATH=${CMAKE_PREFIX_PATH}:/home/ying/ros2/chatpt2/town_ws/install/village_li:/home/ying/ros2/chatpt2/town_ws/src/install/village_li:/opt/ros/humble /usr/bin/cmake --build /home/ying/d2lros2/chapt3/chapt3_ws/build/example_topic_rclcpp -- -j2 -l2
