<?xml version="1.0" encoding="UTF-8"?>
<Site BuildName="(empty)"
	BuildStamp="20250314-1021-Experimental"
	Name="ying-virtual-machine"
	Generator="ctest-3.22.1"
	CompilerName="/usr/bin/c++"
	CompilerVersion="11.4.0"
	OSName="Linux"
	Hostname="ying-virtual-machine"
	OSRelease="6.8.0-52-generic"
	OSVersion="#53~22.04.1-Ubuntu SMP PREEMPT_DYNAMIC Wed Jan 15 19:18:46 UTC 2"
	OSPlatform="x86_64"
	Is64Bits="1"
	VendorString="GenuineIntel"
	VendorID="Intel Corporation"
	FamilyID="6"
	ModelID="158"
	ProcessorCacheSize="9216"
	NumberOfLogicalCPU="2"
	NumberOfPhysicalCPU="2"
	TotalVirtualMemory="3897"
	TotalPhysicalMemory="3868"
	LogicalProcessorsPerPhysical="1"
	ProcessorClockFrequency="2808.01"
	>
	<Testing>
		<StartDateTime>Mar 14 18:21 CST</StartDateTime>
		<StartTestTime>1741947679</StartTestTime>
		<TestList>
			<Test>./copyright</Test>
			<Test>./cppcheck</Test>
			<Test>./cpplint</Test>
			<Test>./lint_cmake</Test>
			<Test>./uncrustify</Test>
			<Test>./xmllint</Test>
		</TestList>
		<Test Status="passed">
			<Name>copyright</Name>
			<Path>.</Path>
			<FullName>./copyright</FullName>
			<FullCommandLine>/usr/bin/python3 "-u" "/opt/ros/humble/share/ament_cmake_test/cmake/run_test.py" "/home/ying/d2lros2/chatpt2/colcon_test_ws/build/examples_rclcpp_async_client/test_results/examples_rclcpp_async_client/copyright.xunit.xml" "--package-name" "examples_rclcpp_async_client" "--output-file" "/home/ying/d2lros2/chatpt2/colcon_test_ws/build/examples_rclcpp_async_client/ament_copyright/copyright.txt" "--command" "/opt/ros/humble/bin/ament_copyright" "--xunit-file" "/home/ying/d2lros2/chatpt2/colcon_test_ws/build/examples_rclcpp_async_client/test_results/examples_rclcpp_async_client/copyright.xunit.xml"</FullCommandLine>
			<Results>
				<NamedMeasurement type="numeric/double" name="Execution Time">
					<Value>0.713344</Value>
				</NamedMeasurement>
				<NamedMeasurement type="numeric/double" name="Processors">
					<Value>1</Value>
				</NamedMeasurement>
				<NamedMeasurement type="text/string" name="Completion Status">
					<Value>Completed</Value>
				</NamedMeasurement>
				<NamedMeasurement type="text/string" name="Command Line">
					<Value>/usr/bin/python3 "-u" "/opt/ros/humble/share/ament_cmake_test/cmake/run_test.py" "/home/ying/d2lros2/chatpt2/colcon_test_ws/build/examples_rclcpp_async_client/test_results/examples_rclcpp_async_client/copyright.xunit.xml" "--package-name" "examples_rclcpp_async_client" "--output-file" "/home/ying/d2lros2/chatpt2/colcon_test_ws/build/examples_rclcpp_async_client/ament_copyright/copyright.txt" "--command" "/opt/ros/humble/bin/ament_copyright" "--xunit-file" "/home/ying/d2lros2/chatpt2/colcon_test_ws/build/examples_rclcpp_async_client/test_results/examples_rclcpp_async_client/copyright.xunit.xml"</Value>
				</NamedMeasurement>
				<NamedMeasurement type="text/string" name="Environment">
					<Value>#CTEST_RESOURCE_GROUP_COUNT=</Value>
				</NamedMeasurement>
				<Measurement>
					<Value>-- run_test.py: invoking following command in '/home/ying/d2lros2/chatpt2/colcon_test_ws/src/examples/rclcpp/services/async_client':
 - /opt/ros/humble/bin/ament_copyright --xunit-file /home/ying/d2lros2/chatpt2/colcon_test_ws/build/examples_rclcpp_async_client/test_results/examples_rclcpp_async_client/copyright.xunit.xml
No problems found, checked 1 files
-- run_test.py: return code 0
-- run_test.py: verify result file '/home/ying/d2lros2/chatpt2/colcon_test_ws/build/examples_rclcpp_async_client/test_results/examples_rclcpp_async_client/copyright.xunit.xml'
</Value>
				</Measurement>
			</Results>
			<Labels>
				<Label>copyright</Label>
				<Label>linter</Label>
			</Labels>
		</Test>
		<Test Status="passed">
			<Name>cppcheck</Name>
			<Path>.</Path>
			<FullName>./cppcheck</FullName>
			<FullCommandLine>/usr/bin/python3 "-u" "/opt/ros/humble/share/ament_cmake_test/cmake/run_test.py" "/home/ying/d2lros2/chatpt2/colcon_test_ws/build/examples_rclcpp_async_client/test_results/examples_rclcpp_async_client/cppcheck.xunit.xml" "--package-name" "examples_rclcpp_async_client" "--output-file" "/home/ying/d2lros2/chatpt2/colcon_test_ws/build/examples_rclcpp_async_client/ament_cppcheck/cppcheck.txt" "--command" "/opt/ros/humble/bin/ament_cppcheck" "--xunit-file" "/home/ying/d2lros2/chatpt2/colcon_test_ws/build/examples_rclcpp_async_client/test_results/examples_rclcpp_async_client/cppcheck.xunit.xml"</FullCommandLine>
			<Results>
				<NamedMeasurement type="numeric/double" name="Execution Time">
					<Value>0.443312</Value>
				</NamedMeasurement>
				<NamedMeasurement type="numeric/double" name="Processors">
					<Value>1</Value>
				</NamedMeasurement>
				<NamedMeasurement type="text/string" name="Completion Status">
					<Value>Completed</Value>
				</NamedMeasurement>
				<NamedMeasurement type="text/string" name="Command Line">
					<Value>/usr/bin/python3 "-u" "/opt/ros/humble/share/ament_cmake_test/cmake/run_test.py" "/home/ying/d2lros2/chatpt2/colcon_test_ws/build/examples_rclcpp_async_client/test_results/examples_rclcpp_async_client/cppcheck.xunit.xml" "--package-name" "examples_rclcpp_async_client" "--output-file" "/home/ying/d2lros2/chatpt2/colcon_test_ws/build/examples_rclcpp_async_client/ament_cppcheck/cppcheck.txt" "--command" "/opt/ros/humble/bin/ament_cppcheck" "--xunit-file" "/home/ying/d2lros2/chatpt2/colcon_test_ws/build/examples_rclcpp_async_client/test_results/examples_rclcpp_async_client/cppcheck.xunit.xml"</Value>
				</NamedMeasurement>
				<NamedMeasurement type="text/string" name="Environment">
					<Value>#CTEST_RESOURCE_GROUP_COUNT=</Value>
				</NamedMeasurement>
				<Measurement>
					<Value>-- run_test.py: invoking following command in '/home/ying/d2lros2/chatpt2/colcon_test_ws/src/examples/rclcpp/services/async_client':
 - /opt/ros/humble/bin/ament_cppcheck --xunit-file /home/ying/d2lros2/chatpt2/colcon_test_ws/build/examples_rclcpp_async_client/test_results/examples_rclcpp_async_client/cppcheck.xunit.xml
cppcheck 2.7 has known performance issues and therefore will not be used, set the AMENT_CPPCHECK_ALLOW_SLOW_VERSIONS environment variable to override this.
-- run_test.py: return code 0
-- run_test.py: verify result file '/home/ying/d2lros2/chatpt2/colcon_test_ws/build/examples_rclcpp_async_client/test_results/examples_rclcpp_async_client/cppcheck.xunit.xml'
</Value>
				</Measurement>
			</Results>
			<Labels>
				<Label>cppcheck</Label>
				<Label>linter</Label>
			</Labels>
		</Test>
		<Test Status="passed">
			<Name>cpplint</Name>
			<Path>.</Path>
			<FullName>./cpplint</FullName>
			<FullCommandLine>/usr/bin/python3 "-u" "/opt/ros/humble/share/ament_cmake_test/cmake/run_test.py" "/home/ying/d2lros2/chatpt2/colcon_test_ws/build/examples_rclcpp_async_client/test_results/examples_rclcpp_async_client/cpplint.xunit.xml" "--package-name" "examples_rclcpp_async_client" "--output-file" "/home/ying/d2lros2/chatpt2/colcon_test_ws/build/examples_rclcpp_async_client/ament_cpplint/cpplint.txt" "--command" "/opt/ros/humble/bin/ament_cpplint" "--xunit-file" "/home/ying/d2lros2/chatpt2/colcon_test_ws/build/examples_rclcpp_async_client/test_results/examples_rclcpp_async_client/cpplint.xunit.xml"</FullCommandLine>
			<Results>
				<NamedMeasurement type="numeric/double" name="Execution Time">
					<Value>0.487755</Value>
				</NamedMeasurement>
				<NamedMeasurement type="numeric/double" name="Processors">
					<Value>1</Value>
				</NamedMeasurement>
				<NamedMeasurement type="text/string" name="Completion Status">
					<Value>Completed</Value>
				</NamedMeasurement>
				<NamedMeasurement type="text/string" name="Command Line">
					<Value>/usr/bin/python3 "-u" "/opt/ros/humble/share/ament_cmake_test/cmake/run_test.py" "/home/ying/d2lros2/chatpt2/colcon_test_ws/build/examples_rclcpp_async_client/test_results/examples_rclcpp_async_client/cpplint.xunit.xml" "--package-name" "examples_rclcpp_async_client" "--output-file" "/home/ying/d2lros2/chatpt2/colcon_test_ws/build/examples_rclcpp_async_client/ament_cpplint/cpplint.txt" "--command" "/opt/ros/humble/bin/ament_cpplint" "--xunit-file" "/home/ying/d2lros2/chatpt2/colcon_test_ws/build/examples_rclcpp_async_client/test_results/examples_rclcpp_async_client/cpplint.xunit.xml"</Value>
				</NamedMeasurement>
				<NamedMeasurement type="text/string" name="Environment">
					<Value>#CTEST_RESOURCE_GROUP_COUNT=</Value>
				</NamedMeasurement>
				<Measurement>
					<Value>-- run_test.py: invoking following command in '/home/ying/d2lros2/chatpt2/colcon_test_ws/src/examples/rclcpp/services/async_client':
 - /opt/ros/humble/bin/ament_cpplint --xunit-file /home/ying/d2lros2/chatpt2/colcon_test_ws/build/examples_rclcpp_async_client/test_results/examples_rclcpp_async_client/cpplint.xunit.xml
Using '--root=..' argument

Done processing /home/ying/d2lros2/chatpt2/colcon_test_ws/src/examples/rclcpp/services/async_client/main.cpp

No problems found
-- run_test.py: return code 0
-- run_test.py: verify result file '/home/ying/d2lros2/chatpt2/colcon_test_ws/build/examples_rclcpp_async_client/test_results/examples_rclcpp_async_client/cpplint.xunit.xml'
</Value>
				</Measurement>
			</Results>
			<Labels>
				<Label>cpplint</Label>
				<Label>linter</Label>
			</Labels>
		</Test>
		<Test Status="passed">
			<Name>lint_cmake</Name>
			<Path>.</Path>
			<FullName>./lint_cmake</FullName>
			<FullCommandLine>/usr/bin/python3 "-u" "/opt/ros/humble/share/ament_cmake_test/cmake/run_test.py" "/home/ying/d2lros2/chatpt2/colcon_test_ws/build/examples_rclcpp_async_client/test_results/examples_rclcpp_async_client/lint_cmake.xunit.xml" "--package-name" "examples_rclcpp_async_client" "--output-file" "/home/ying/d2lros2/chatpt2/colcon_test_ws/build/examples_rclcpp_async_client/ament_lint_cmake/lint_cmake.txt" "--command" "/opt/ros/humble/bin/ament_lint_cmake" "--xunit-file" "/home/ying/d2lros2/chatpt2/colcon_test_ws/build/examples_rclcpp_async_client/test_results/examples_rclcpp_async_client/lint_cmake.xunit.xml"</FullCommandLine>
			<Results>
				<NamedMeasurement type="numeric/double" name="Execution Time">
					<Value>0.274765</Value>
				</NamedMeasurement>
				<NamedMeasurement type="numeric/double" name="Processors">
					<Value>1</Value>
				</NamedMeasurement>
				<NamedMeasurement type="text/string" name="Completion Status">
					<Value>Completed</Value>
				</NamedMeasurement>
				<NamedMeasurement type="text/string" name="Command Line">
					<Value>/usr/bin/python3 "-u" "/opt/ros/humble/share/ament_cmake_test/cmake/run_test.py" "/home/ying/d2lros2/chatpt2/colcon_test_ws/build/examples_rclcpp_async_client/test_results/examples_rclcpp_async_client/lint_cmake.xunit.xml" "--package-name" "examples_rclcpp_async_client" "--output-file" "/home/ying/d2lros2/chatpt2/colcon_test_ws/build/examples_rclcpp_async_client/ament_lint_cmake/lint_cmake.txt" "--command" "/opt/ros/humble/bin/ament_lint_cmake" "--xunit-file" "/home/ying/d2lros2/chatpt2/colcon_test_ws/build/examples_rclcpp_async_client/test_results/examples_rclcpp_async_client/lint_cmake.xunit.xml"</Value>
				</NamedMeasurement>
				<NamedMeasurement type="text/string" name="Environment">
					<Value>#CTEST_RESOURCE_GROUP_COUNT=</Value>
				</NamedMeasurement>
				<Measurement>
					<Value>-- run_test.py: invoking following command in '/home/ying/d2lros2/chatpt2/colcon_test_ws/src/examples/rclcpp/services/async_client':
 - /opt/ros/humble/bin/ament_lint_cmake --xunit-file /home/ying/d2lros2/chatpt2/colcon_test_ws/build/examples_rclcpp_async_client/test_results/examples_rclcpp_async_client/lint_cmake.xunit.xml

No problems found
-- run_test.py: return code 0
-- run_test.py: verify result file '/home/ying/d2lros2/chatpt2/colcon_test_ws/build/examples_rclcpp_async_client/test_results/examples_rclcpp_async_client/lint_cmake.xunit.xml'
</Value>
				</Measurement>
			</Results>
			<Labels>
				<Label>lint_cmake</Label>
				<Label>linter</Label>
			</Labels>
		</Test>
		<Test Status="passed">
			<Name>uncrustify</Name>
			<Path>.</Path>
			<FullName>./uncrustify</FullName>
			<FullCommandLine>/usr/bin/python3 "-u" "/opt/ros/humble/share/ament_cmake_test/cmake/run_test.py" "/home/ying/d2lros2/chatpt2/colcon_test_ws/build/examples_rclcpp_async_client/test_results/examples_rclcpp_async_client/uncrustify.xunit.xml" "--package-name" "examples_rclcpp_async_client" "--output-file" "/home/ying/d2lros2/chatpt2/colcon_test_ws/build/examples_rclcpp_async_client/ament_uncrustify/uncrustify.txt" "--command" "/opt/ros/humble/bin/ament_uncrustify" "--xunit-file" "/home/ying/d2lros2/chatpt2/colcon_test_ws/build/examples_rclcpp_async_client/test_results/examples_rclcpp_async_client/uncrustify.xunit.xml"</FullCommandLine>
			<Results>
				<NamedMeasurement type="numeric/double" name="Execution Time">
					<Value>0.371844</Value>
				</NamedMeasurement>
				<NamedMeasurement type="numeric/double" name="Processors">
					<Value>1</Value>
				</NamedMeasurement>
				<NamedMeasurement type="text/string" name="Completion Status">
					<Value>Completed</Value>
				</NamedMeasurement>
				<NamedMeasurement type="text/string" name="Command Line">
					<Value>/usr/bin/python3 "-u" "/opt/ros/humble/share/ament_cmake_test/cmake/run_test.py" "/home/ying/d2lros2/chatpt2/colcon_test_ws/build/examples_rclcpp_async_client/test_results/examples_rclcpp_async_client/uncrustify.xunit.xml" "--package-name" "examples_rclcpp_async_client" "--output-file" "/home/ying/d2lros2/chatpt2/colcon_test_ws/build/examples_rclcpp_async_client/ament_uncrustify/uncrustify.txt" "--command" "/opt/ros/humble/bin/ament_uncrustify" "--xunit-file" "/home/ying/d2lros2/chatpt2/colcon_test_ws/build/examples_rclcpp_async_client/test_results/examples_rclcpp_async_client/uncrustify.xunit.xml"</Value>
				</NamedMeasurement>
				<NamedMeasurement type="text/string" name="Environment">
					<Value>#CTEST_RESOURCE_GROUP_COUNT=</Value>
				</NamedMeasurement>
				<Measurement>
					<Value>-- run_test.py: invoking following command in '/home/ying/d2lros2/chatpt2/colcon_test_ws/src/examples/rclcpp/services/async_client':
 - /opt/ros/humble/bin/ament_uncrustify --xunit-file /home/ying/d2lros2/chatpt2/colcon_test_ws/build/examples_rclcpp_async_client/test_results/examples_rclcpp_async_client/uncrustify.xunit.xml
No code style divergence in file 'main.cpp'

No problems found
-- run_test.py: return code 0
-- run_test.py: verify result file '/home/ying/d2lros2/chatpt2/colcon_test_ws/build/examples_rclcpp_async_client/test_results/examples_rclcpp_async_client/uncrustify.xunit.xml'
</Value>
				</Measurement>
			</Results>
			<Labels>
				<Label>linter</Label>
				<Label>uncrustify</Label>
			</Labels>
		</Test>
		<Test Status="failed">
			<Name>xmllint</Name>
			<Path>.</Path>
			<FullName>./xmllint</FullName>
			<FullCommandLine>/usr/bin/python3 "-u" "/opt/ros/humble/share/ament_cmake_test/cmake/run_test.py" "/home/ying/d2lros2/chatpt2/colcon_test_ws/build/examples_rclcpp_async_client/test_results/examples_rclcpp_async_client/xmllint.xunit.xml" "--package-name" "examples_rclcpp_async_client" "--output-file" "/home/ying/d2lros2/chatpt2/colcon_test_ws/build/examples_rclcpp_async_client/ament_xmllint/xmllint.txt" "--command" "/opt/ros/humble/bin/ament_xmllint" "--xunit-file" "/home/ying/d2lros2/chatpt2/colcon_test_ws/build/examples_rclcpp_async_client/test_results/examples_rclcpp_async_client/xmllint.xunit.xml"</FullCommandLine>
			<Results>
				<NamedMeasurement type="text/string" name="Exit Code">
					<Value>Timeout</Value>
				</NamedMeasurement>
				<NamedMeasurement type="text/string" name="Exit Value">
					<Value>0</Value>
				</NamedMeasurement>
				<NamedMeasurement type="numeric/double" name="Execution Time">
					<Value>60.1388</Value>
				</NamedMeasurement>
				<NamedMeasurement type="numeric/double" name="Processors">
					<Value>1</Value>
				</NamedMeasurement>
				<NamedMeasurement type="text/string" name="Completion Status">
					<Value>Completed</Value>
				</NamedMeasurement>
				<NamedMeasurement type="text/string" name="Command Line">
					<Value>/usr/bin/python3 "-u" "/opt/ros/humble/share/ament_cmake_test/cmake/run_test.py" "/home/ying/d2lros2/chatpt2/colcon_test_ws/build/examples_rclcpp_async_client/test_results/examples_rclcpp_async_client/xmllint.xunit.xml" "--package-name" "examples_rclcpp_async_client" "--output-file" "/home/ying/d2lros2/chatpt2/colcon_test_ws/build/examples_rclcpp_async_client/ament_xmllint/xmllint.txt" "--command" "/opt/ros/humble/bin/ament_xmllint" "--xunit-file" "/home/ying/d2lros2/chatpt2/colcon_test_ws/build/examples_rclcpp_async_client/test_results/examples_rclcpp_async_client/xmllint.xunit.xml"</Value>
				</NamedMeasurement>
				<NamedMeasurement type="text/string" name="Environment">
					<Value>#CTEST_RESOURCE_GROUP_COUNT=</Value>
				</NamedMeasurement>
				<Measurement>
					<Value>-- run_test.py: invoking following command in '/home/ying/d2lros2/chatpt2/colcon_test_ws/src/examples/rclcpp/services/async_client':
 - /opt/ros/humble/bin/ament_xmllint --xunit-file /home/ying/d2lros2/chatpt2/colcon_test_ws/build/examples_rclcpp_async_client/test_results/examples_rclcpp_async_client/xmllint.xunit.xml
</Value>
				</Measurement>
			</Results>
			<Labels>
				<Label>linter</Label>
				<Label>xmllint</Label>
			</Labels>
		</Test>
		<EndDateTime>Mar 14 18:22 CST</EndDateTime>
		<EndTestTime>1741947741</EndTestTime>
		<ElapsedMinutes>1</ElapsedMinutes>
	</Testing>
</Site>
